============================= test session starts =============================
platform win32 -- Python 3.13.7, pytest-9.0.3, pluggy-1.6.0 -- C:\Users\ll529\AppData\Local\Programs\Python\Python313\python.exe
cachedir: .pytest_cache
metadata: {'Python': '3.13.7', 'Platform': 'Windows-11-10.0.26200-SP0', 'Packages': {'pytest': '9.0.3', 'pluggy': '1.6.0'}, 'Plugins': {'anyio': '4.13.0', 'cov': '7.1.0', 'html': '4.2.0', 'metadata': '3.1.1'}}
rootdir: C:\Users\ll529\OneDrive\Documentos\integrador\sgpmp-backend
configfile: pytest.ini
plugins: anyio-4.13.0, cov-7.1.0, html-4.2.0, metadata-3.1.1
collecting ... collected 6 items

tests/Test_Testing/Test_Modulo2/RF-34/TC-M02-G19/test_tc_m02_g19_rev2.py::test_tc_m02_190_fecha_referencia PASSED [ 16%]
tests/Test_Testing/Test_Modulo2/RF-34/TC-M02-G19/test_tc_m02_g19_rev2.py::test_tc_m02_191_default_activa PASSED [ 33%]
tests/Test_Testing/Test_Modulo2/RF-34/TC-M02-G19/test_tc_m02_g19_rev2.py::test_tc_m02_192_inconsistencia PASSED [ 50%]
tests/Test_Testing/Test_Modulo2/RF-34/TC-M02-G19/test_tc_m02_g19_rev2.py::test_tc_m02_193_auditoria PASSED [ 66%]
tests/Test_Testing/Test_Modulo2/RF-34/TC-M02-G19/test_tc_m02_g19_rev2.py::test_complemento_inexistente PASSED [ 83%]
tests/Test_Testing/Test_Modulo2/RF-34/TC-M02-G19/test_tc_m02_g19_rev2.py::test_zz_global PASSED [100%]

============================== warnings summary ===============================
tests/Test_Testing/Test_Modulo2/RF-34/TC-M02-G19/test_tc_m02_g19_rev2.py::test_tc_m02_190_fecha_referencia
tests/Test_Testing/Test_Modulo2/RF-34/TC-M02-G19/test_tc_m02_g19_rev2.py::test_tc_m02_191_default_activa
tests/Test_Testing/Test_Modulo2/RF-34/TC-M02-G19/test_tc_m02_g19_rev2.py::test_tc_m02_192_inconsistencia
tests/Test_Testing/Test_Modulo2/RF-34/TC-M02-G19/test_tc_m02_g19_rev2.py::test_tc_m02_193_auditoria
tests/Test_Testing/Test_Modulo2/RF-34/TC-M02-G19/test_tc_m02_g19_rev2.py::test_complemento_inexistente
  C:\Users\ll529\AppData\Local\Programs\Python\Python313\Lib\site-packages\urllib3\connectionpool.py:1097: InsecureRequestWarning: Unverified HTTPS request is being made to host 'sigab-backendtest-389pcb-a48238-158-69-200-27.sslip.io'. Adding certificate verification is strongly advised. See: https://urllib3.readthedocs.io/en/latest/advanced-usage.html#tls-warnings
    warnings.warn(

-- Docs: https://docs.pytest.org/en/stable/how-to/capture-warnings.html
- Generated html report: file:///C:/Users/ll529/OneDrive/Documentos/integrador/sgpmp-backend/tests/Test_Testing/Test_Modulo2/RF-34/TC-M02-G19/Resultados/TC-M02-G19-rev2-pytest.html -
======================= 6 passed, 5 warnings in 11.60s ========================
