{
  "stats": {
    "suites": 1,
    "tests": 8,
    "passes": 8,
    "pending": 0,
    "failures": 0,
    "start": "2026-08-31T15:13:55.779Z",
    "end": "2026-08-31T15:14:02.621Z",
    "duration": 6842,
    "testsRegistered": 8,
    "passPercent": 100,
    "pendingPercent": 0,
    "other": 0,
    "hasOther": false,
    "skipped": 0,
    "hasSkipped": false
  },
  "results": [
    {
      "uuid": "24b54369-cfc1-4f52-8872-ec83e79e935d",
      "title": "",
      "fullFile": "tests\\Test_Testing\\Test_Modulo1\\RF-06\\TC-M01-105\\gestionar_cuenta_105.cy.js",
      "file": "tests\\Test_Testing\\Test_Modulo1\\RF-06\\TC-M01-105\\gestionar_cuenta_105.cy.js",
      "beforeHooks": [],
      "afterHooks": [],
      "tests": [],
      "suites": [
        {
          "uuid": "94d5fbf7-5bfb-4091-9230-9feec80ea29f",
          "title": "TC-M01-105 - Gestión de cuenta de usuario",
          "fullFile": "",
          "file": "",
          "beforeHooks": [],
          "afterHooks": [],
          "tests": [
            {
              "title": "Debe iniciar sesión correctamente como administrador",
              "fullTitle": "TC-M01-105 - Gestión de cuenta de usuario Debe iniciar sesión correctamente como administrador",
              "timedOut": null,
              "duration": 4900,
              "state": "passed",
              "speed": "fast",
              "pass": true,
              "fail": false,
              "pending": false,
              "context": null,
              "code": "expect(tokenAdmin).to.exist;\nexpect(tokenAdmin).to.be.a('string');",
              "err": {},
              "uuid": "21531e04-5914-4be5-8c7e-4dd0140aacb3",
              "parentUUID": "94d5fbf7-5bfb-4091-9230-9feec80ea29f",
              "isHook": false,
              "skipped": false
            },
            {
              "title": "Debe listar los usuarios disponibles para administración",
              "fullTitle": "TC-M01-105 - Gestión de cuenta de usuario Debe listar los usuarios disponibles para administración",
              "timedOut": null,
              "duration": 368,
              "state": "passed",
              "speed": "fast",
              "pass": true,
              "fail": false,
              "pending": false,
              "context": null,
              "code": "cy.request({\n  method: 'GET',\n  url: `${baseUrl}/usuarios/admin`,\n  headers: {\n    Authorization: `Bearer ${tokenAdmin}`\n  },\n  qs: {\n    pagina: 1,\n    tamano: 50\n  }\n}).then(response => {\n  expect(response.status).to.equal(200);\n  expect(response.body).to.have.property('items');\n  expect(response.body.items).to.be.an('array');\n  expect(response.body.items.length).to.be.greaterThan(0);\n  cy.log(`Total de usuarios encontrados: ${response.body.items.length}`);\n});",
              "err": {},
              "uuid": "fbefc40b-25b3-4144-b19f-9af83872a736",
              "parentUUID": "94d5fbf7-5bfb-4091-9230-9feec80ea29f",
              "isHook": false,
              "skipped": false
            },
            {
              "title": "Debe identificar correctamente el usuario para realizar la gestión de cuenta",
              "fullTitle": "TC-M01-105 - Gestión de cuenta de usuario Debe identificar correctamente el usuario para realizar la gestión de cuenta",
              "timedOut": null,
              "duration": 20,
              "state": "passed",
              "speed": "fast",
              "pass": true,
              "fail": false,
              "pending": false,
              "context": null,
              "code": "expect(idUsuarioPrueba).to.exist;\nexpect(idUsuarioPrueba).to.be.a('number');\nexpect(idUsuarioPrueba).to.be.greaterThan(0);\ncy.log(`Usuario de prueba identificado con ID: ${idUsuarioPrueba}`);",
              "err": {},
              "uuid": "fcaf3655-f6aa-4f57-b7e7-a7c965e75b76",
              "parentUUID": "94d5fbf7-5bfb-4091-9230-9feec80ea29f",
              "isHook": false,
              "skipped": false
            },
            {
              "title": "Debe consultar correctamente el detalle del usuario seleccionado",
              "fullTitle": "TC-M01-105 - Gestión de cuenta de usuario Debe consultar correctamente el detalle del usuario seleccionado",
              "timedOut": null,
              "duration": 293,
              "state": "passed",
              "speed": "fast",
              "pass": true,
              "fail": false,
              "pending": false,
              "context": null,
              "code": "cy.request({\n  method: 'GET',\n  url: `${baseUrl}/usuarios/${idUsuarioPrueba}/detalle`,\n  headers: {\n    Authorization: `Bearer ${tokenAdmin}`\n  }\n}).then(response => {\n  expect(response.status).to.equal(200);\n  expect(response.body).to.have.property('id_usuario');\n  expect(response.body).to.have.property('correo_electronico');\n  expect(response.body).to.have.property('estado_cuenta');\n  expect(response.body.id_usuario).to.equal(idUsuarioPrueba);\n  expect(response.body.correo_electronico).to.equal('juan.carlos@email.com');\n  // Guardar estado original para fines de restauración\n  estadoOriginal = response.body.estado_cuenta;\n  cy.log(`Usuario encontrado: ${response.body.correo_electronico}`);\n  cy.log(`Estado original: ${estadoOriginal}`);\n});",
              "err": {},
              "uuid": "f732564e-97f9-4cee-baa6-b0e44841e9ec",
              "parentUUID": "94d5fbf7-5bfb-4091-9230-9feec80ea29f",
              "isHook": false,
              "skipped": false
            },
            {
              "title": "Debe bloquear correctamente la cuenta del usuario",
              "fullTitle": "TC-M01-105 - Gestión de cuenta de usuario Debe bloquear correctamente la cuenta del usuario",
              "timedOut": null,
              "duration": 355,
              "state": "passed",
              "speed": "fast",
              "pass": true,
              "fail": false,
              "pending": false,
              "context": null,
              "code": "cy.request({\n  method: 'POST',\n  url: `${baseUrl}/usuarios/${idUsuarioPrueba}/gestionar`,\n  headers: {\n    Authorization: `Bearer ${tokenAdmin}`\n  },\n  body: {\n    accion_cuenta: 'bloquear'\n  },\n  failOnStatusCode: false\n}).then(response => {\n  cy.log(`Respuesta bloqueo: ${JSON.stringify(response.body)}`);\n  expect(response.status).to.equal(200);\n});",
              "err": {},
              "uuid": "daa81d4d-6947-4961-b85f-a644512d8eed",
              "parentUUID": "94d5fbf7-5bfb-4091-9230-9feec80ea29f",
              "isHook": false,
              "skipped": false
            },
            {
              "title": "Debe reflejar el cambio de estado después de bloquear la cuenta",
              "fullTitle": "TC-M01-105 - Gestión de cuenta de usuario Debe reflejar el cambio de estado después de bloquear la cuenta",
              "timedOut": null,
              "duration": 401,
              "state": "passed",
              "speed": "fast",
              "pass": true,
              "fail": false,
              "pending": false,
              "context": null,
              "code": "cy.request({\n  method: 'GET',\n  url: `${baseUrl}/usuarios/${idUsuarioPrueba}/detalle`,\n  headers: {\n    Authorization: `Bearer ${tokenAdmin}`\n  }\n}).then(response => {\n  expect(response.status).to.equal(200);\n  expect(response.body).to.have.property('estado_cuenta');\n  const estadoActual = response.body.estado_cuenta.toLowerCase();\n  cy.log(`Estado después del bloqueo: ${response.body.estado_cuenta}`);\n  expect(estadoActual).to.include('bloque');\n});",
              "err": {},
              "uuid": "410a9f66-2ed5-47c5-a9ed-ed3ed79d1ff1",
              "parentUUID": "94d5fbf7-5bfb-4091-9230-9feec80ea29f",
              "isHook": false,
              "skipped": false
            },
            {
              "title": "Debe restaurar la cuenta después de la prueba",
              "fullTitle": "TC-M01-105 - Gestión de cuenta de usuario Debe restaurar la cuenta después de la prueba",
              "timedOut": null,
              "duration": 207,
              "state": "passed",
              "speed": "fast",
              "pass": true,
              "fail": false,
              "pending": false,
              "context": null,
              "code": "cy.request({\n  method: 'POST',\n  url: `${baseUrl}/usuarios/${idUsuarioPrueba}/gestionar`,\n  headers: {\n    Authorization: `Bearer ${tokenAdmin}`\n  },\n  body: {\n    accion_cuenta: 'activar'\n  },\n  failOnStatusCode: false\n}).then(response => {\n  cy.log(`Respuesta restauración: ${JSON.stringify(response.body)}`);\n  expect(response.status).to.equal(200);\n});",
              "err": {},
              "uuid": "c36e1ea4-f158-4c5d-b963-12d964857ba3",
              "parentUUID": "94d5fbf7-5bfb-4091-9230-9feec80ea29f",
              "isHook": false,
              "skipped": false
            },
            {
              "title": "Debe verificar que la cuenta quedó activa después de la restauración",
              "fullTitle": "TC-M01-105 - Gestión de cuenta de usuario Debe verificar que la cuenta quedó activa después de la restauración",
              "timedOut": null,
              "duration": 184,
              "state": "passed",
              "speed": "fast",
              "pass": true,
              "fail": false,
              "pending": false,
              "context": null,
              "code": "cy.request({\n  method: 'GET',\n  url: `${baseUrl}/usuarios/${idUsuarioPrueba}/detalle`,\n  headers: {\n    Authorization: `Bearer ${tokenAdmin}`\n  }\n}).then(response => {\n  expect(response.status).to.equal(200);\n  expect(response.body).to.have.property('estado_cuenta');\n  const estadoFinal = response.body.estado_cuenta.toLowerCase();\n  cy.log(`Estado final de la cuenta: ${response.body.estado_cuenta}`);\n  expect(estadoFinal).to.include('activo');\n});",
              "err": {},
              "uuid": "2e448e41-913a-41ba-b15c-085246d954e3",
              "parentUUID": "94d5fbf7-5bfb-4091-9230-9feec80ea29f",
              "isHook": false,
              "skipped": false
            }
          ],
          "suites": [],
          "passes": [
            "21531e04-5914-4be5-8c7e-4dd0140aacb3",
            "fbefc40b-25b3-4144-b19f-9af83872a736",
            "fcaf3655-f6aa-4f57-b7e7-a7c965e75b76",
            "f732564e-97f9-4cee-baa6-b0e44841e9ec",
            "daa81d4d-6947-4961-b85f-a644512d8eed",
            "410a9f66-2ed5-47c5-a9ed-ed3ed79d1ff1",
            "c36e1ea4-f158-4c5d-b963-12d964857ba3",
            "2e448e41-913a-41ba-b15c-085246d954e3"
          ],
          "failures": [],
          "pending": [],
          "skipped": [],
          "duration": 6728,
          "root": false,
          "rootEmpty": false,
          "_timeout": 2000
        }
      ],
      "passes": [],
      "failures": [],
      "pending": [],
      "skipped": [],
      "duration": 0,
      "root": true,
      "rootEmpty": true,
      "_timeout": 2000
    }
  ],
  "meta": {
    "mocha": {
      "version": "7.2.0"
    },
    "mochawesome": {
      "options": {
        "quiet": false,
        "reportFilename": "mochawesome",
        "saveHtml": true,
        "saveJson": true,
        "consoleReporter": "spec",
        "useInlineDiffs": false,
        "code": true
      },
      "version": "7.1.4"
    },
    "marge": {
      "options": {
        "reportDir": "tests/Test_Testing/Test_Modulo1/RF-06/TC-M01-105/Resultados",
        "overwrite": true,
        "html": true,
        "json": true
      },
      "version": "6.3.2"
    }
  }
}