<?xml version="1.0" encoding="utf-8"?><testsuites name="pytest tests"><testsuite name="pytest" errors="0" failures="0" skipped="0" tests="7" time="4.495" timestamp="2026-09-19T15:09:10.111855-05:00" hostname="Juanher01"><testcase classname="tests.Test_Testing.Test_Modulo2.RF-51.TC-M02-G97.EvaluacionV2.test_tc_m02_g97_v2" name="test_el_endpoint_de_indicadores_exige_read_sobre_activos_biologicos" time="0.012" /><testcase classname="tests.Test_Testing.Test_Modulo2.RF-51.TC-M02-G97.EvaluacionV2.test_tc_m02_g97_v2" name="test_usuario_autenticable_y_cuenta_activa" time="1.700" /><testcase classname="tests.Test_Testing.Test_Modulo2.RF-51.TC-M02-G97.EvaluacionV2.test_tc_m02_g97_v2" name="test_el_rol_no_tiene_read_sobre_activos" time="0.116" /><testcase classname="tests.Test_Testing.Test_Modulo2.RF-51.TC-M02-G97.EvaluacionV2.test_tc_m02_g97_v2" name="test_no_hay_herencia_de_read_por_otra_via" time="0.237" /><testcase classname="tests.Test_Testing.Test_Modulo2.RF-51.TC-M02-G97.EvaluacionV2.test_tc_m02_g97_v2" name="test_el_activo_existe" time="0.116" /><testcase classname="tests.Test_Testing.Test_Modulo2.RF-51.TC-M02-G97.EvaluacionV2.test_tc_m02_g97_v2" name="test_tc_m02_314_usuario_sin_read_recibe_403" time="0.584" /><testcase classname="tests.Test_Testing.Test_Modulo2.RF-51.TC-M02-G97.EvaluacionV2.test_tc_m02_g97_v2" name="test_control_el_mismo_activo_es_accesible_con_read" time="1.494" /></testsuite></testsuites>