============================= test session starts =============================
platform win32 -- Python 3.13.7, pytest-9.0.3, pluggy-1.6.0 -- C:\Users\ll529\AppData\Local\Programs\Python\Python313\python.exe
cachedir: .pytest_cache
metadata: {'Python': '3.13.7', 'Platform': 'Windows-11-10.0.26200-SP0', 'Packages': {'pytest': '9.0.3', 'pluggy': '1.6.0'}, 'Plugins': {'anyio': '4.13.0', 'cov': '7.1.0', 'html': '4.2.0', 'metadata': '3.1.1'}}
rootdir: C:\Users\ll529\OneDrive\Documentos\integrador\sgpmp-backend
configfile: pytest.ini
plugins: anyio-4.13.0, cov-7.1.0, html-4.2.0, metadata-3.1.1
collecting ... collected 4 items

tests/Test_Testing/Test_Modulo2/RF-33/TC-M02-G15/test_tc_m02_g15_rev3.py::test_tc_m02_027_bola_no_reejecutado SKIPPED [ 25%]
tests/Test_Testing/Test_Modulo2/RF-33/TC-M02-G15/test_tc_m02_g15_rev3.py::test_tc_m02_028_mass_assignment SKIPPED [ 50%]
tests/Test_Testing/Test_Modulo2/RF-33/TC-M02-G15/test_tc_m02_g15_rev3.py::test_tc_m02_031_exceso_datos SKIPPED [ 75%]
tests/Test_Testing/Test_Modulo2/RF-33/TC-M02-G15/test_tc_m02_g15_rev3.py::test_zz_estado_global PASSED [100%]

============================== warnings summary ===============================
tests/Test_Testing/Test_Modulo2/RF-33/TC-M02-G15/test_tc_m02_g15_rev3.py::test_tc_m02_027_bola_no_reejecutado
tests/Test_Testing/Test_Modulo2/RF-33/TC-M02-G15/test_tc_m02_g15_rev3.py::test_tc_m02_028_mass_assignment
  C:\Users\ll529\AppData\Local\Programs\Python\Python313\Lib\site-packages\urllib3\connectionpool.py:1097: InsecureRequestWarning: Unverified HTTPS request is being made to host 'sigab-backendtest-389pcb-a48238-158-69-200-27.sslip.io'. Adding certificate verification is strongly advised. See: https://urllib3.readthedocs.io/en/latest/advanced-usage.html#tls-warnings
    warnings.warn(

-- Docs: https://docs.pytest.org/en/stable/how-to/capture-warnings.html
- Generated html report: file:///C:/Users/ll529/OneDrive/Documentos/integrador/sgpmp-backend/tests/Test_Testing/Test_Modulo2/RF-33/TC-M02-G15/Resultados/TC-M02-G15-rev3-pytest.html -
================== 1 passed, 3 skipped, 2 warnings in 4.02s ===================
