<?xml version="1.0" encoding="utf-8"?><testsuites name="pytest tests"><testsuite name="pytest" errors="0" failures="0" skipped="0" tests="5" time="10.227" timestamp="2026-09-10T15:57:27.880085-05:00" hostname="Juanher01"><testcase classname="tests.Test_Testing.Test_Modulo2.RF-50.TC-M02-G94.test_tc_m02_g94_security.TestTCM02164SoloLectura" name="test_metodo_de_escritura_rechazado[POST-TC-M02-164-A]" time="5.671" /><testcase classname="tests.Test_Testing.Test_Modulo2.RF-50.TC-M02-G94.test_tc_m02_g94_security.TestTCM02164SoloLectura" name="test_metodo_de_escritura_rechazado[PUT-TC-M02-164-B]" time="1.817" /><testcase classname="tests.Test_Testing.Test_Modulo2.RF-50.TC-M02-G94.test_tc_m02_g94_security.TestTCM02165Autenticacion" name="test_get_sin_credencial_devuelve_401" time="0.609" /><testcase classname="tests.Test_Testing.Test_Modulo2.RF-50.TC-M02-G94.test_tc_m02_g94_security.TestTCM02165Autenticacion" name="test_get_con_credencial_invalida_devuelve_401" time="0.693" /><testcase classname="tests.Test_Testing.Test_Modulo2.RF-50.TC-M02-G94.test_tc_m02_g94_security.TestTCM02165Autenticacion" name="test_integridad_final_sin_cambios" time="1.010" /></testsuite></testsuites>