<?xml version="1.0" encoding="utf-8"?><testsuites name="pytest tests"><testsuite name="pytest" errors="0" failures="4" skipped="0" tests="9" time="8.508" timestamp="2026-09-13T01:46:57.306173-05:00" hostname="Juanher01"><testcase classname="tests.Test_Testing.Test_Modulo9.RF-17.TC-M09-G29.EvaluacionV2.test_tc_m09_g29" name="test_rama_obligatoria" time="0.143" /><testcase classname="tests.Test_Testing.Test_Modulo9.RF-17.TC-M09-G29.EvaluacionV2.test_tc_m09_g29" name="test_codigo_local_equivale_a_origin_dev" time="0.000" /><testcase classname="tests.Test_Testing.Test_Modulo9.RF-17.TC-M09-G29.EvaluacionV2.test_tc_m09_g29" name="test_dev_accesible_y_rf17_rest_desplegado" time="3.232" /><testcase classname="tests.Test_Testing.Test_Modulo9.RF-17.TC-M09-G29.EvaluacionV2.test_tc_m09_g29" name="test_actor_dev_autorizado_rf17" time="4.745" /><testcase classname="tests.Test_Testing.Test_Modulo9.RF-17.TC-M09-G29.EvaluacionV2.test_tc_m09_g29" name="test_test_rest_rf17_equivalente_a_dev" time="0.000" /><testcase classname="tests.Test_Testing.Test_Modulo9.RF-17.TC-M09-G29.EvaluacionV2.test_tc_m09_g29" name="test_oraculo_rf17_publica_hacia_mqtt_o_nodo_edge" time="0.246"><failure message="AssertionError: Crear/editar umbral no invoca MQTT/Edge. Consumidores MqttPort: ['origin/dev:src/configuration/application/use_cases/dispositivos_iot/configurar_remotamente_use_case.py:17:from src.configuration.domain.repositories.mqtt_port import MqttPort', 'origin/dev:src/configuration/application/use_cases/dispositivos_iot/configurar_remotamente_use_case.py:32:        mqtt_port: MqttPort,', 'origin/dev:src/configuration/application/use_cases/dispositivos_iot/configurar_remotamente_use_case.py:94:        resultado = self.mqtt_port.enviar_configuracion(', 'origin/dev:src/configuration/infrastructure/routers/dispositivo_iot_router.py:31:from src.configuration.infrastructure.adapters.mqtt_http_adapter import MqttHttpAdapter', 'origin/dev:src/configuration/infrastructure/routers/dispositivo_iot_router.py:272:        mqtt_port=MqttHttpAdapter(),']; NodoEdgePort: ['origin/dev:src/prediction/application/use_cases/motor_ia/configurar_motor_use_case.py:10:from src.prediction.domain.repositories.nodo_edge_port import NodoEdgePort', 'origin/dev:src/prediction/application/use_cases/motor_ia/configurar_motor_use_case.py:28:        nodo_edge_port: NodoEdgePort,', 'origin/dev:src/prediction/domain/repositories/nodo_edge_port.py:6:class NodoEdgePort(ABC):', 'origin/dev:src/prediction/infrastructure/adapters/nodo_edge_stub_adapter.py:3:from src.prediction.domain.repositories.nodo_edge_port import NodoEdgePort', 'origin/dev:src/prediction/infrastructure/adapters/nodo_edge_stub_adapter.py:6:class NodoEdgeStubAdapter(NodoEdgePort):', 'origin/dev:src/prediction/infrastructure/routers/motor_ia_router.py:21:from src.prediction.infrastructure.adapters.nodo_edge_stub_adapter import NodoEdgeStubAdapter', 'origin/dev:src/prediction/infrastructure/routers/motor_ia_router.py:63:        nodo_edge_port=NodoEdgeStubAdapter(),']&#10;assert False&#10; +  where False = any(dict_values([[], [], [], [], []]))&#10; +    where dict_values([[], [], [], [], []]) = &lt;built-in method values of dict object at 0x000002633E332300&gt;()&#10; +      where &lt;built-in method values of dict object at 0x000002633E332300&gt; = {'src/configuration/application/use_cases/umbrales/editar_umbral_use_case.py': [], 'src/configuration/application/use_cases/umbrales/registrar_umbral_use_case.py': [], 'src/configuration/domain/entities/umbral_ambiental.py': [], 'src/configuration/infrastructure/routers/umbral_router.py': [], ...}.values">codigo_dev = ({'src/configuration/application/use_cases/umbrales/editar_umbral_use_case.py': '"""Caso de uso: Editar umbral ambient...r_ia_router.py:21:from src.prediction.infrastructure.adapters.nodo_edge_stub_adapter import NodoEdgeStubAdapter', ...])

    def test_oraculo_rf17_publica_hacia_mqtt_o_nodo_edge(codigo_dev):
        """TC-62/63: guardar un umbral debe disparar la propagación hacia el Edge."""
        fuentes, consumidores, usos_edge = codigo_dev
        refs = {r: [l for l in s.splitlines() if PATRON_INTEGRACION.search(l)] for r, s in fuentes.items() if "umbral" in r}
        EVIDENCIA.setdefault("oraculo", {})["rf17InvocaIntegracion"] = any(refs.values())
&gt;       assert any(refs.values()), f"Crear/editar umbral no invoca MQTT/Edge. Consumidores MqttPort: {consumidores}; NodoEdgePort: {usos_edge}"
E       AssertionError: Crear/editar umbral no invoca MQTT/Edge. Consumidores MqttPort: ['origin/dev:src/configuration/application/use_cases/dispositivos_iot/configurar_remotamente_use_case.py:17:from src.configuration.domain.repositories.mqtt_port import MqttPort', 'origin/dev:src/configuration/application/use_cases/dispositivos_iot/configurar_remotamente_use_case.py:32:        mqtt_port: MqttPort,', 'origin/dev:src/configuration/application/use_cases/dispositivos_iot/configurar_remotamente_use_case.py:94:        resultado = self.mqtt_port.enviar_configuracion(', 'origin/dev:src/configuration/infrastructure/routers/dispositivo_iot_router.py:31:from src.configuration.infrastructure.adapters.mqtt_http_adapter import MqttHttpAdapter', 'origin/dev:src/configuration/infrastructure/routers/dispositivo_iot_router.py:272:        mqtt_port=MqttHttpAdapter(),']; NodoEdgePort: ['origin/dev:src/prediction/application/use_cases/motor_ia/configurar_motor_use_case.py:10:from src.prediction.domain.repositories.nodo_edge_port import NodoEdgePort', 'origin/dev:src/prediction/application/use_cases/motor_ia/configurar_motor_use_case.py:28:        nodo_edge_port: NodoEdgePort,', 'origin/dev:src/prediction/domain/repositories/nodo_edge_port.py:6:class NodoEdgePort(ABC):', 'origin/dev:src/prediction/infrastructure/adapters/nodo_edge_stub_adapter.py:3:from src.prediction.domain.repositories.nodo_edge_port import NodoEdgePort', 'origin/dev:src/prediction/infrastructure/adapters/nodo_edge_stub_adapter.py:6:class NodoEdgeStubAdapter(NodoEdgePort):', 'origin/dev:src/prediction/infrastructure/routers/motor_ia_router.py:21:from src.prediction.infrastructure.adapters.nodo_edge_stub_adapter import NodoEdgeStubAdapter', 'origin/dev:src/prediction/infrastructure/routers/motor_ia_router.py:63:        nodo_edge_port=NodoEdgeStubAdapter(),']
E       assert False
E        +  where False = any(dict_values([[], [], [], [], []]))
E        +    where dict_values([[], [], [], [], []]) = &lt;built-in method values of dict object at 0x000002633E332300&gt;()
E        +      where &lt;built-in method values of dict object at 0x000002633E332300&gt; = {'src/configuration/application/use_cases/umbrales/editar_umbral_use_case.py': [], 'src/configuration/application/use_cases/umbrales/registrar_umbral_use_case.py': [], 'src/configuration/domain/entities/umbral_ambiental.py': [], 'src/configuration/infrastructure/routers/umbral_router.py': [], ...}.values

tests\Test_Testing\Test_Modulo9\RF-17\TC-M09-G29\EvaluacionV2\test_tc_m09_g29.py:226: AssertionError</failure></testcase><testcase classname="tests.Test_Testing.Test_Modulo9.RF-17.TC-M09-G29.EvaluacionV2.test_tc_m09_g29" name="test_oraculo_umbral_expone_estado_de_sincronizacion" time="0.001"><failure message="AssertionError: UmbralAmbientalResponse DEV sin estado de sincronizacion: ['id_umbral_ambiental', 'id_especie', 'id_variable_ambiental', 'unidad_medida', 'valor_min', 'valor_max', 'es_activo', 'fecha_actualizacion', 'niveles']&#10;assert ([] or [])">contratos = {'DEV': {'base': 'https://sigab-backenddev-jpuya4-ea3a74-158-69-200-27.sslip.io/api-sgpmp', 'health': 200, 'openapi': ...'base': 'http://sigab-backendtest-389pcb-a48238-158-69-200-27.sslip.io/api-sgpmp-test', 'health': 404, 'openapi': 404}}
dev_runtime = {'actor': {'correo': 'admin.general@pecuaria.co', 'estado': 'Activo', 'permisosRecurso20': [1, 2, 3, 4], 'rol': 'Admin...l': 7, 'id_variable_ambiental': 1, ...}, 'especie': 'Camarón Blanco', 'id_especie': 3, ...}], 'tokenPersistido': False}

    def test_oraculo_umbral_expone_estado_de_sincronizacion(contratos, dev_runtime):
        """TC-63: la configuración debe poder quedar 'Pendiente de Sincronización'."""
        campos_contrato = [c for c in contratos["DEV"]["umbralAmbientalResponse"] if PATRON_SYNC.search(c)]
        campos_runtime = sorted({c for m in dev_runtime["muestrasUmbrales"] for c in m["camposItem"] if PATRON_SYNC.search(c)})
        EVIDENCIA.setdefault("oraculo", {})["estadoSincronizacion"] = {"contrato": campos_contrato, "runtime": campos_runtime}
&gt;       assert campos_contrato or campos_runtime, f"UmbralAmbientalResponse DEV sin estado de sincronizacion: {contratos['DEV']['umbralAmbientalResponse']}"
E       AssertionError: UmbralAmbientalResponse DEV sin estado de sincronizacion: ['id_umbral_ambiental', 'id_especie', 'id_variable_ambiental', 'unidad_medida', 'valor_min', 'valor_max', 'es_activo', 'fecha_actualizacion', 'niveles']
E       assert ([] or [])

tests\Test_Testing\Test_Modulo9\RF-17\TC-M09-G29\EvaluacionV2\test_tc_m09_g29.py:234: AssertionError</failure></testcase><testcase classname="tests.Test_Testing.Test_Modulo9.RF-17.TC-M09-G29.EvaluacionV2.test_tc_m09_g29" name="test_oraculo_contrato_declara_500_por_fallo_de_sincronizacion" time="0.001"><failure message="AssertionError: Ninguna escritura RF-17 declara 500: {'POST /configuracion/umbrales': ['201', '401', '403', '404', '409', '422'], 'GET /configuracion/umbrales': ['200', '401', '403', '422'], 'PATCH /configuracion/umbrales/{id_umbral_ambiental}': ['200', '401', '403', '404', '412', '422']}&#10;assert {}">contratos = {'DEV': {'base': 'https://sigab-backenddev-jpuya4-ea3a74-158-69-200-27.sslip.io/api-sgpmp', 'health': 200, 'openapi': ...'base': 'http://sigab-backendtest-389pcb-a48238-158-69-200-27.sslip.io/api-sgpmp-test', 'health': 404, 'openapi': 404}}

    def test_oraculo_contrato_declara_500_por_fallo_de_sincronizacion(contratos):
        """TC-63: RF-17 exige HTTP 500 con la configuración central guardada."""
        ops = contratos["DEV"]["operacionesRF17"]
        con_500 = {k: v for k, v in ops.items() if k.split()[0] in ("POST", "PATCH") and "500" in v}
        EVIDENCIA.setdefault("oraculo", {})["operacionesCon500"] = con_500
&gt;       assert con_500, f"Ninguna escritura RF-17 declara 500: {ops}"
E       AssertionError: Ninguna escritura RF-17 declara 500: {'POST /configuracion/umbrales': ['201', '401', '403', '404', '409', '422'], 'GET /configuracion/umbrales': ['200', '401', '403', '422'], 'PATCH /configuracion/umbrales/{id_umbral_ambiental}': ['200', '401', '403', '404', '412', '422']}
E       assert {}

tests\Test_Testing\Test_Modulo9\RF-17\TC-M09-G29\EvaluacionV2\test_tc_m09_g29.py:242: AssertionError</failure></testcase><testcase classname="tests.Test_Testing.Test_Modulo9.RF-17.TC-M09-G29.EvaluacionV2.test_tc_m09_g29" name="test_oraculo_edge_observable_para_umbrales" time="0.002"><failure message="AssertionError: Sin ruta de estado/ACK del Edge para umbrales. Rutas edge DEV: ['/iot/eventos-edge']&#10;assert []">contratos = {'DEV': {'base': 'https://sigab-backenddev-jpuya4-ea3a74-158-69-200-27.sslip.io/api-sgpmp', 'health': 200, 'openapi': ...'base': 'http://sigab-backendtest-389pcb-a48238-158-69-200-27.sslip.io/api-sgpmp-test', 'health': 404, 'openapi': 404}}
codigo_dev = ({'src/configuration/application/use_cases/umbrales/editar_umbral_use_case.py': '"""Caso de uso: Editar umbral ambient...r_ia_router.py:21:from src.prediction.infrastructure.adapters.nodo_edge_stub_adapter import NodoEdgeStubAdapter', ...])

    def test_oraculo_edge_observable_para_umbrales(contratos, codigo_dev):
        """TC-62/63: debe existir una vía para observar la configuración efectiva del Edge."""
        _, _, usos_edge = codigo_dev
        rutas = [r for r in contratos["DEV"]["rutasSincronizacionEdgeMqtt"] if "umbral" in r.lower() or "sincron" in r.lower()]
        stub = EVIDENCIA["codigoOriginDev"]["nodoEdgeStub"]
        EVIDENCIA.setdefault("oraculo", {})["edgeObservable"] = {"rutas": rutas, "nodoEdgeEsStub": any("Stub temporal" in l for l in stub)}
&gt;       assert rutas, f"Sin ruta de estado/ACK del Edge para umbrales. Rutas edge DEV: {contratos['DEV']['rutasSincronizacionEdgeMqtt']}"
E       AssertionError: Sin ruta de estado/ACK del Edge para umbrales. Rutas edge DEV: ['/iot/eventos-edge']
E       assert []

tests\Test_Testing\Test_Modulo9\RF-17\TC-M09-G29\EvaluacionV2\test_tc_m09_g29.py:251: AssertionError</failure></testcase></testsuite></testsuites>