<?xml version="1.0" encoding="utf-8"?><testsuites name="pytest tests"><testsuite name="pytest" errors="0" failures="0" skipped="0" tests="7" time="5.092" timestamp="2026-09-10T22:30:20.169611-05:00" hostname="Juanher01"><testcase classname="tests.Test_Testing.Test_Modulo2.RF-51.TC-M02-G97.test_tc_m02_g97" name="test_el_endpoint_de_indicadores_exige_read_sobre_activos_biologicos" time="0.934" /><testcase classname="tests.Test_Testing.Test_Modulo2.RF-51.TC-M02-G97.test_tc_m02_g97" name="test_usuario_autenticable_y_cuenta_activa" time="1.714" /><testcase classname="tests.Test_Testing.Test_Modulo2.RF-51.TC-M02-G97.test_tc_m02_g97" name="test_el_rol_no_tiene_read_sobre_activos" time="0.107" /><testcase classname="tests.Test_Testing.Test_Modulo2.RF-51.TC-M02-G97.test_tc_m02_g97" name="test_no_hay_herencia_de_read_por_otra_via" time="0.219" /><testcase classname="tests.Test_Testing.Test_Modulo2.RF-51.TC-M02-G97.test_tc_m02_g97" name="test_el_activo_existe" time="0.108" /><testcase classname="tests.Test_Testing.Test_Modulo2.RF-51.TC-M02-G97.test_tc_m02_g97" name="test_tc_m02_314_usuario_sin_read_recibe_403" time="0.530" /><testcase classname="tests.Test_Testing.Test_Modulo2.RF-51.TC-M02-G97.test_tc_m02_g97" name="test_control_el_mismo_activo_es_accesible_con_read" time="1.337" /></testsuite></testsuites>