<?xml version="1.0" encoding="utf-8"?><testsuites name="pytest tests"><testsuite name="pytest" errors="0" failures="0" skipped="0" tests="13" time="9.156" timestamp="2026-09-06T00:50:38.468238-05:00" hostname="Juanher01"><testcase classname="tests.Test_Testing.Test_Modulo9.RF-24.TC-M09-G79.test_tc_m09_150.TestTC150Precondiciones" name="test_01_actor_autorizado_y_datos_reales" time="7.628" /><testcase classname="tests.Test_Testing.Test_Modulo9.RF-24.TC-M09-G79.test_tc_m09_150.TestTC150Precondiciones" name="test_02_valor_dentro_del_rango_tecnico" time="0.001" /><testcase classname="tests.Test_Testing.Test_Modulo9.RF-24.TC-M09-G79.test_tc_m09_150.TestTC150Precondiciones" name="test_03_control_la_calibracion_es_valida_sin_el_fallo" time="0.003" /><testcase classname="tests.Test_Testing.Test_Modulo9.RF-24.TC-M09-G79.test_tc_m09_150.TestTC150FaultInjection" name="test_04_el_fault_point_fue_alcanzado" time="0.001" /><testcase classname="tests.Test_Testing.Test_Modulo9.RF-24.TC-M09-G79.test_tc_m09_150.TestTC150FaultInjection" name="test_05_el_fallo_ocurrio_dentro_de_la_transaccion_tras_el_flush" time="0.001" /><testcase classname="tests.Test_Testing.Test_Modulo9.RF-24.TC-M09-G79.test_tc_m09_150.TestTC150FaultInjection" name="test_06_el_producto_convierte_el_fallo_en_error_de_trazabilidad" time="0.000" /><testcase classname="tests.Test_Testing.Test_Modulo9.RF-24.TC-M09-G79.test_tc_m09_150.TestTC150FaultInjection" name="test_07_el_contrato_mapea_ese_error_a_http_500" time="0.000" /><testcase classname="tests.Test_Testing.Test_Modulo9.RF-24.TC-M09-G79.test_tc_m09_150.TestTC150Atomicidad" name="test_08_no_hubo_commit_y_si_hubo_rollback" time="0.001" /><testcase classname="tests.Test_Testing.Test_Modulo9.RF-24.TC-M09-G79.test_tc_m09_150.TestTC150Atomicidad" name="test_09_ninguna_calibracion_persistida" time="0.000" /><testcase classname="tests.Test_Testing.Test_Modulo9.RF-24.TC-M09-G79.test_tc_m09_150.TestTC150Atomicidad" name="test_10_ninguna_auditoria_huerfana" time="0.000" /><testcase classname="tests.Test_Testing.Test_Modulo9.RF-24.TC-M09-G79.test_tc_m09_150.TestTC150Atomicidad" name="test_11_estado_provisional_descartado" time="0.000" /><testcase classname="tests.Test_Testing.Test_Modulo9.RF-24.TC-M09-G79.test_tc_m09_150.TestTC150Atomicidad" name="test_12_historicos_previos_intactos" time="0.001" /><testcase classname="tests.Test_Testing.Test_Modulo9.RF-24.TC-M09-G79.test_tc_m09_150.TestTC150SinEfectosEnTest" name="test_13_test_no_recibio_ninguna_escritura" time="0.358" /></testsuite></testsuites>