============================= test session starts =============================
platform win32 -- Python 3.13.7, pytest-9.0.3, pluggy-1.6.0 -- C:\Users\ll529\AppData\Local\Programs\Python\Python313\python.exe
cachedir: .pytest_cache
metadata: {'Python': '3.13.7', 'Platform': 'Windows-11-10.0.26200-SP0', 'Packages': {'pytest': '9.0.3', 'pluggy': '1.6.0'}, 'Plugins': {'anyio': '4.13.0', 'cov': '7.1.0', 'html': '4.2.0', 'metadata': '3.1.1'}}
rootdir: C:\Users\ll529\OneDrive\Documentos\integrador\sgpmp-backend
configfile: pytest.ini
plugins: anyio-4.13.0, cov-7.1.0, html-4.2.0, metadata-3.1.1
collecting ... collected 4 items

tests/Test_Testing/Test_Modulo2/RF-33/TC-M02-G16/test_tc_m02_g16.py::test_tc_m02_029_inyeccion_identificador SKIPPED [ 25%]
tests/Test_Testing/Test_Modulo2/RF-33/TC-M02-G16/test_tc_m02_g16.py::test_tc_m02_030_xss_atributos SKIPPED [ 50%]
tests/Test_Testing/Test_Modulo2/RF-33/TC-M02-G16/test_tc_m02_g16.py::test_tc_m02_032_rate_limit FAILED [ 75%]
tests/Test_Testing/Test_Modulo2/RF-33/TC-M02-G16/test_tc_m02_g16.py::test_zz_integridad_y_global PASSED [100%]

================================== FAILURES ===================================
_________________________ test_tc_m02_032_rate_limit __________________________
tests\Test_Testing\Test_Modulo2\RF-33\TC-M02-G16\test_tc_m02_g16.py:651: in test_tc_m02_032_rate_limit
    pytest.fail(out["explicacion"])
E   Failed: 101 POST invalidos en 41.5s sin ningun 429. Conteos={'400': 101}. POST /activos-biologicos no aplica rate_limit en codigo. k6 no estaba instalado; la rafaga se ejecuto en pytest. No se crearon activos (cuerpo vacio).
============================== warnings summary ===============================
tests/Test_Testing/Test_Modulo2/RF-33/TC-M02-G16/test_tc_m02_g16.py::test_tc_m02_029_inyeccion_identificador
tests/Test_Testing/Test_Modulo2/RF-33/TC-M02-G16/test_tc_m02_g16.py::test_tc_m02_030_xss_atributos
tests/Test_Testing/Test_Modulo2/RF-33/TC-M02-G16/test_tc_m02_g16.py::test_tc_m02_032_rate_limit
tests/Test_Testing/Test_Modulo2/RF-33/TC-M02-G16/test_tc_m02_g16.py::test_zz_integridad_y_global
  C:\Users\ll529\AppData\Local\Programs\Python\Python313\Lib\site-packages\urllib3\connectionpool.py:1097: InsecureRequestWarning: Unverified HTTPS request is being made to host 'sigab-backendtest-389pcb-a48238-158-69-200-27.sslip.io'. Adding certificate verification is strongly advised. See: https://urllib3.readthedocs.io/en/latest/advanced-usage.html#tls-warnings
    warnings.warn(

-- Docs: https://docs.pytest.org/en/stable/how-to/capture-warnings.html
- Generated html report: file:///C:/Users/ll529/OneDrive/Documentos/integrador/sgpmp-backend/tests/Test_Testing/Test_Modulo2/RF-33/TC-M02-G16/Resultados/TC-M02-G16-pytest.html -
=========================== short test summary info ===========================
FAILED tests/Test_Testing/Test_Modulo2/RF-33/TC-M02-G16/test_tc_m02_g16.py::test_tc_m02_032_rate_limit
============= 1 failed, 1 passed, 2 skipped, 4 warnings in 53.00s =============
